{"A:\\Projeto SI\\NodeJs\\src\\repositories\\in-memory\\in-memory-excercise-repository.ts": {"path":"A:\\Projeto SI\\NodeJs\\src\\repositories\\in-memory\\in-memory-excercise-repository.ts","all":false,"statementMap":{"0":{"start":{"line":1,"column":0},"end":{"line":1,"column":50}},"1":{"start":{"line":2,"column":0},"end":{"line":2,"column":61}},"2":{"start":{"line":3,"column":0},"end":{"line":3,"column":52}},"3":{"start":{"line":4,"column":0},"end":{"line":4,"column":0}},"4":{"start":{"line":5,"column":0},"end":{"line":5,"column":72}},"5":{"start":{"line":6,"column":0},"end":{"line":6,"column":28}},"6":{"start":{"line":7,"column":0},"end":{"line":7,"column":68}},"7":{"start":{"line":8,"column":0},"end":{"line":8,"column":30}},"8":{"start":{"line":9,"column":0},"end":{"line":9,"column":22}},"9":{"start":{"line":10,"column":0},"end":{"line":10,"column":19}},"10":{"start":{"line":11,"column":0},"end":{"line":11,"column":37}},"11":{"start":{"line":12,"column":0},"end":{"line":12,"column":25}},"12":{"start":{"line":13,"column":0},"end":{"line":13,"column":31}},"13":{"start":{"line":14,"column":0},"end":{"line":14,"column":19}},"14":{"start":{"line":15,"column":0},"end":{"line":15,"column":19}},"15":{"start":{"line":16,"column":0},"end":{"line":16,"column":27}},"16":{"start":{"line":17,"column":0},"end":{"line":17,"column":4}},"17":{"start":{"line":18,"column":0},"end":{"line":18,"column":32}},"18":{"start":{"line":19,"column":0},"end":{"line":19,"column":18}},"19":{"start":{"line":20,"column":0},"end":{"line":20,"column":2}},"20":{"start":{"line":21,"column":0},"end":{"line":21,"column":38}},"21":{"start":{"line":22,"column":0},"end":{"line":22,"column":24}},"22":{"start":{"line":23,"column":0},"end":{"line":23,"column":2}},"23":{"start":{"line":24,"column":0},"end":{"line":24,"column":43}},"24":{"start":{"line":25,"column":0},"end":{"line":25,"column":29}},"25":{"start":{"line":26,"column":0},"end":{"line":26,"column":35}},"26":{"start":{"line":27,"column":0},"end":{"line":27,"column":16}},"27":{"start":{"line":28,"column":0},"end":{"line":28,"column":2}},"28":{"start":{"line":29,"column":0},"end":{"line":29,"column":46}},"29":{"start":{"line":30,"column":0},"end":{"line":30,"column":29}},"30":{"start":{"line":31,"column":0},"end":{"line":31,"column":35}},"31":{"start":{"line":32,"column":0},"end":{"line":32,"column":16}},"32":{"start":{"line":33,"column":0},"end":{"line":33,"column":2}},"33":{"start":{"line":34,"column":0},"end":{"line":34,"column":14}},"34":{"start":{"line":35,"column":0},"end":{"line":35,"column":13}},"35":{"start":{"line":36,"column":0},"end":{"line":36,"column":34}},"36":{"start":{"line":37,"column":0},"end":{"line":37,"column":23}},"37":{"start":{"line":38,"column":0},"end":{"line":38,"column":74}},"38":{"start":{"line":39,"column":0},"end":{"line":39,"column":2}},"39":{"start":{"line":40,"column":0},"end":{"line":40,"column":1}}},"s":{"0":1,"1":1,"2":1,"3":1,"4":1,"5":4,"6":1,"7":4,"8":4,"9":4,"10":4,"11":4,"12":4,"13":4,"14":4,"15":4,"16":4,"17":4,"18":4,"19":4,"20":1,"21":1,"22":1,"23":1,"24":1,"25":1,"26":1,"27":1,"28":1,"29":1,"30":1,"31":1,"32":1,"33":1,"34":0,"35":0,"36":0,"37":0,"38":0,"39":1},"branchMap":{"0":{"type":"branch","line":5,"loc":{"start":{"line":5,"column":7},"end":{"line":6,"column":28}},"locations":[{"start":{"line":5,"column":7},"end":{"line":6,"column":28}}]},"1":{"type":"branch","line":7,"loc":{"start":{"line":7,"column":1},"end":{"line":20,"column":2}},"locations":[{"start":{"line":7,"column":1},"end":{"line":20,"column":2}}]},"2":{"type":"branch","line":9,"loc":{"start":{"line":9,"column":12},"end":{"line":9,"column":22}},"locations":[{"start":{"line":9,"column":12},"end":{"line":9,"column":22}}]},"3":{"type":"branch","line":21,"loc":{"start":{"line":21,"column":1},"end":{"line":23,"column":2}},"locations":[{"start":{"line":21,"column":1},"end":{"line":23,"column":2}}]},"4":{"type":"branch","line":24,"loc":{"start":{"line":24,"column":1},"end":{"line":28,"column":2}},"locations":[{"start":{"line":24,"column":1},"end":{"line":28,"column":2}}]},"5":{"type":"branch","line":26,"loc":{"start":{"line":26,"column":3},"end":{"line":26,"column":35}},"locations":[{"start":{"line":26,"column":3},"end":{"line":26,"column":35}}]},"6":{"type":"branch","line":29,"loc":{"start":{"line":29,"column":1},"end":{"line":33,"column":2}},"locations":[{"start":{"line":29,"column":1},"end":{"line":33,"column":2}}]},"7":{"type":"branch","line":31,"loc":{"start":{"line":31,"column":3},"end":{"line":31,"column":35}},"locations":[{"start":{"line":31,"column":3},"end":{"line":31,"column":35}}]}},"b":{"0":[4],"1":[4],"2":[2],"3":[1],"4":[1],"5":[1],"6":[1],"7":[1]},"fnMap":{"0":{"name":"InMemoryExerciseRepository","decl":{"start":{"line":5,"column":7},"end":{"line":6,"column":28}},"loc":{"start":{"line":5,"column":7},"end":{"line":6,"column":28}},"line":5},"1":{"name":"create","decl":{"start":{"line":7,"column":1},"end":{"line":20,"column":2}},"loc":{"start":{"line":7,"column":1},"end":{"line":20,"column":2}},"line":7},"2":{"name":"getAll","decl":{"start":{"line":21,"column":1},"end":{"line":23,"column":2}},"loc":{"start":{"line":21,"column":1},"end":{"line":23,"column":2}},"line":21},"3":{"name":"get","decl":{"start":{"line":24,"column":1},"end":{"line":28,"column":2}},"loc":{"start":{"line":24,"column":1},"end":{"line":28,"column":2}},"line":24},"4":{"name":"delete","decl":{"start":{"line":29,"column":1},"end":{"line":33,"column":2}},"loc":{"start":{"line":29,"column":1},"end":{"line":33,"column":2}},"line":29},"5":{"name":"update","decl":{"start":{"line":34,"column":1},"end":{"line":39,"column":2}},"loc":{"start":{"line":34,"column":1},"end":{"line":39,"column":2}},"line":34}},"f":{"0":4,"1":4,"2":1,"3":1,"4":1,"5":0}}
,"A:\\Projeto SI\\NodeJs\\src\\repositories\\in-memory\\in-memory-training-repository.ts": {"path":"A:\\Projeto SI\\NodeJs\\src\\repositories\\in-memory\\in-memory-training-repository.ts","all":false,"statementMap":{"0":{"start":{"line":1,"column":0},"end":{"line":1,"column":42}},"1":{"start":{"line":2,"column":0},"end":{"line":2,"column":50}},"2":{"start":{"line":3,"column":0},"end":{"line":3,"column":60}},"3":{"start":{"line":4,"column":0},"end":{"line":4,"column":52}},"4":{"start":{"line":5,"column":0},"end":{"line":5,"column":0}},"5":{"start":{"line":6,"column":0},"end":{"line":6,"column":71}},"6":{"start":{"line":7,"column":0},"end":{"line":7,"column":29}},"7":{"start":{"line":8,"column":0},"end":{"line":8,"column":0}},"8":{"start":{"line":9,"column":0},"end":{"line":9,"column":14}},"9":{"start":{"line":10,"column":0},"end":{"line":10,"column":51}},"10":{"start":{"line":11,"column":0},"end":{"line":11,"column":23}},"11":{"start":{"line":12,"column":0},"end":{"line":12,"column":30}},"12":{"start":{"line":13,"column":0},"end":{"line":13,"column":31}},"13":{"start":{"line":14,"column":0},"end":{"line":14,"column":11}},"14":{"start":{"line":15,"column":0},"end":{"line":15,"column":4}},"15":{"start":{"line":16,"column":0},"end":{"line":16,"column":0}},"16":{"start":{"line":17,"column":0},"end":{"line":17,"column":26}},"17":{"start":{"line":18,"column":0},"end":{"line":18,"column":0}},"18":{"start":{"line":19,"column":0},"end":{"line":19,"column":18}},"19":{"start":{"line":20,"column":0},"end":{"line":20,"column":2}},"20":{"start":{"line":21,"column":0},"end":{"line":21,"column":48}},"21":{"start":{"line":22,"column":0},"end":{"line":22,"column":57}},"22":{"start":{"line":23,"column":0},"end":{"line":23,"column":2}},"23":{"start":{"line":24,"column":0},"end":{"line":24,"column":38}},"24":{"start":{"line":25,"column":0},"end":{"line":25,"column":18}},"25":{"start":{"line":26,"column":0},"end":{"line":26,"column":2}},"26":{"start":{"line":27,"column":0},"end":{"line":27,"column":50}},"27":{"start":{"line":28,"column":0},"end":{"line":28,"column":62}},"28":{"start":{"line":29,"column":0},"end":{"line":29,"column":31}},"29":{"start":{"line":30,"column":0},"end":{"line":30,"column":2}},"30":{"start":{"line":31,"column":0},"end":{"line":31,"column":46}},"31":{"start":{"line":32,"column":0},"end":{"line":32,"column":58}},"32":{"start":{"line":33,"column":0},"end":{"line":33,"column":31}},"33":{"start":{"line":34,"column":0},"end":{"line":34,"column":2}},"34":{"start":{"line":35,"column":0},"end":{"line":35,"column":58}},"35":{"start":{"line":36,"column":0},"end":{"line":36,"column":53}},"36":{"start":{"line":37,"column":0},"end":{"line":37,"column":2}},"37":{"start":{"line":38,"column":0},"end":{"line":38,"column":14}},"38":{"start":{"line":39,"column":0},"end":{"line":39,"column":13}},"39":{"start":{"line":40,"column":0},"end":{"line":40,"column":43}},"40":{"start":{"line":41,"column":0},"end":{"line":41,"column":23}},"41":{"start":{"line":42,"column":0},"end":{"line":42,"column":45}},"42":{"start":{"line":43,"column":0},"end":{"line":43,"column":2}},"43":{"start":{"line":44,"column":0},"end":{"line":44,"column":28}},"44":{"start":{"line":45,"column":0},"end":{"line":45,"column":21}},"45":{"start":{"line":46,"column":0},"end":{"line":46,"column":20}},"46":{"start":{"line":47,"column":0},"end":{"line":47,"column":19}},"47":{"start":{"line":48,"column":0},"end":{"line":48,"column":45}},"48":{"start":{"line":49,"column":0},"end":{"line":49,"column":2}},"49":{"start":{"line":50,"column":0},"end":{"line":50,"column":1}}},"s":{"0":1,"1":1,"2":1,"3":1,"4":1,"5":1,"6":20,"7":1,"8":1,"9":4,"10":4,"11":4,"12":4,"13":4,"14":4,"15":4,"16":4,"17":4,"18":4,"19":4,"20":1,"21":2,"22":2,"23":1,"24":2,"25":2,"26":1,"27":0,"28":0,"29":0,"30":1,"31":0,"32":0,"33":0,"34":1,"35":0,"36":0,"37":1,"38":0,"39":0,"40":0,"41":0,"42":0,"43":1,"44":0,"45":0,"46":0,"47":0,"48":0,"49":1},"branchMap":{"0":{"type":"branch","line":6,"loc":{"start":{"line":6,"column":7},"end":{"line":7,"column":29}},"locations":[{"start":{"line":6,"column":7},"end":{"line":7,"column":29}}]},"1":{"type":"branch","line":9,"loc":{"start":{"line":9,"column":1},"end":{"line":20,"column":2}},"locations":[{"start":{"line":9,"column":1},"end":{"line":20,"column":2}}]},"2":{"type":"branch","line":21,"loc":{"start":{"line":21,"column":1},"end":{"line":23,"column":2}},"locations":[{"start":{"line":21,"column":1},"end":{"line":23,"column":2}}]},"3":{"type":"branch","line":22,"loc":{"start":{"line":22,"column":23},"end":{"line":22,"column":43}},"locations":[{"start":{"line":22,"column":23},"end":{"line":22,"column":43}}]},"4":{"type":"branch","line":24,"loc":{"start":{"line":24,"column":1},"end":{"line":26,"column":2}},"locations":[{"start":{"line":24,"column":1},"end":{"line":26,"column":2}}]}},"b":{"0":[20],"1":[4],"2":[2],"3":[1],"4":[2]},"fnMap":{"0":{"name":"InMemoryTrainingRepository","decl":{"start":{"line":6,"column":7},"end":{"line":7,"column":29}},"loc":{"start":{"line":6,"column":7},"end":{"line":7,"column":29}},"line":6},"1":{"name":"create","decl":{"start":{"line":9,"column":1},"end":{"line":20,"column":2}},"loc":{"start":{"line":9,"column":1},"end":{"line":20,"column":2}},"line":9},"2":{"name":"findById","decl":{"start":{"line":21,"column":1},"end":{"line":23,"column":2}},"loc":{"start":{"line":21,"column":1},"end":{"line":23,"column":2}},"line":21},"3":{"name":"getAll","decl":{"start":{"line":24,"column":1},"end":{"line":26,"column":2}},"loc":{"start":{"line":24,"column":1},"end":{"line":26,"column":2}},"line":24},"4":{"name":"deleteByUserId","decl":{"start":{"line":27,"column":1},"end":{"line":30,"column":2}},"loc":{"start":{"line":27,"column":1},"end":{"line":30,"column":2}},"line":27},"5":{"name":"deleteById","decl":{"start":{"line":31,"column":1},"end":{"line":34,"column":2}},"loc":{"start":{"line":31,"column":1},"end":{"line":34,"column":2}},"line":31},"6":{"name":"findByUserId","decl":{"start":{"line":35,"column":1},"end":{"line":37,"column":2}},"loc":{"start":{"line":35,"column":1},"end":{"line":37,"column":2}},"line":35},"7":{"name":"update","decl":{"start":{"line":38,"column":1},"end":{"line":43,"column":2}},"loc":{"start":{"line":38,"column":1},"end":{"line":43,"column":2}},"line":38},"8":{"name":"removeExerciseFromTraining","decl":{"start":{"line":44,"column":1},"end":{"line":49,"column":2}},"loc":{"start":{"line":44,"column":1},"end":{"line":49,"column":2}},"line":44}},"f":{"0":20,"1":4,"2":2,"3":2,"4":0,"5":0,"6":0,"7":0,"8":0}}
,"A:\\Projeto SI\\NodeJs\\src\\repositories\\in-memory\\in-memory-user-repository.ts": {"path":"A:\\Projeto SI\\NodeJs\\src\\repositories\\in-memory\\in-memory-user-repository.ts","all":false,"statementMap":{"0":{"start":{"line":1,"column":0},"end":{"line":1,"column":46}},"1":{"start":{"line":2,"column":0},"end":{"line":2,"column":54}},"2":{"start":{"line":3,"column":0},"end":{"line":3,"column":51}},"3":{"start":{"line":4,"column":0},"end":{"line":4,"column":0}},"4":{"start":{"line":5,"column":0},"end":{"line":5,"column":64}},"5":{"start":{"line":6,"column":0},"end":{"line":6,"column":27}},"6":{"start":{"line":7,"column":0},"end":{"line":7,"column":0}},"7":{"start":{"line":8,"column":0},"end":{"line":8,"column":69}},"8":{"start":{"line":9,"column":0},"end":{"line":9,"column":22}},"9":{"start":{"line":10,"column":0},"end":{"line":10,"column":22}},"10":{"start":{"line":11,"column":0},"end":{"line":11,"column":19}},"11":{"start":{"line":12,"column":0},"end":{"line":12,"column":21}},"12":{"start":{"line":13,"column":0},"end":{"line":13,"column":37}},"13":{"start":{"line":14,"column":0},"end":{"line":14,"column":21}},"14":{"start":{"line":15,"column":0},"end":{"line":15,"column":24}},"15":{"start":{"line":16,"column":0},"end":{"line":16,"column":26}},"16":{"start":{"line":17,"column":0},"end":{"line":17,"column":4}},"17":{"start":{"line":18,"column":0},"end":{"line":18,"column":24}},"18":{"start":{"line":19,"column":0},"end":{"line":19,"column":14}},"19":{"start":{"line":20,"column":0},"end":{"line":20,"column":2}},"20":{"start":{"line":21,"column":0},"end":{"line":21,"column":50}},"21":{"start":{"line":22,"column":0},"end":{"line":22,"column":68}},"22":{"start":{"line":23,"column":0},"end":{"line":23,"column":26}},"23":{"start":{"line":24,"column":0},"end":{"line":24,"column":2}},"24":{"start":{"line":25,"column":0},"end":{"line":25,"column":44}},"25":{"start":{"line":26,"column":0},"end":{"line":26,"column":61}},"26":{"start":{"line":27,"column":0},"end":{"line":27,"column":27}},"27":{"start":{"line":28,"column":0},"end":{"line":28,"column":2}},"28":{"start":{"line":29,"column":0},"end":{"line":29,"column":52}},"29":{"start":{"line":30,"column":0},"end":{"line":30,"column":65}},"30":{"start":{"line":31,"column":0},"end":{"line":31,"column":2}},"31":{"start":{"line":32,"column":0},"end":{"line":32,"column":72}},"32":{"start":{"line":33,"column":0},"end":{"line":33,"column":60}},"33":{"start":{"line":34,"column":0},"end":{"line":34,"column":0}},"34":{"start":{"line":35,"column":0},"end":{"line":35,"column":23}},"35":{"start":{"line":36,"column":0},"end":{"line":36,"column":50}},"36":{"start":{"line":37,"column":0},"end":{"line":37,"column":56}},"37":{"start":{"line":38,"column":0},"end":{"line":38,"column":59}},"38":{"start":{"line":39,"column":0},"end":{"line":39,"column":40}},"39":{"start":{"line":40,"column":0},"end":{"line":40,"column":46}},"40":{"start":{"line":41,"column":0},"end":{"line":41,"column":59}},"41":{"start":{"line":42,"column":0},"end":{"line":42,"column":66}},"42":{"start":{"line":43,"column":0},"end":{"line":43,"column":34}},"43":{"start":{"line":44,"column":0},"end":{"line":44,"column":41}},"44":{"start":{"line":45,"column":0},"end":{"line":45,"column":4}},"45":{"start":{"line":46,"column":0},"end":{"line":46,"column":0}},"46":{"start":{"line":47,"column":0},"end":{"line":47,"column":29}},"47":{"start":{"line":48,"column":0},"end":{"line":48,"column":0}},"48":{"start":{"line":49,"column":0},"end":{"line":49,"column":17}},"49":{"start":{"line":50,"column":0},"end":{"line":50,"column":2}},"50":{"start":{"line":51,"column":0},"end":{"line":51,"column":1}}},"s":{"0":1,"1":1,"2":1,"3":1,"4":1,"5":15,"6":1,"7":1,"8":2,"9":2,"10":2,"11":2,"12":2,"13":2,"14":2,"15":2,"16":2,"17":2,"18":2,"19":2,"20":1,"21":2,"22":2,"23":2,"24":1,"25":0,"26":0,"27":0,"28":1,"29":1,"30":1,"31":1,"32":1,"33":1,"34":1,"35":1,"36":1,"37":1,"38":1,"39":1,"40":1,"41":1,"42":1,"43":1,"44":1,"45":1,"46":1,"47":1,"48":1,"49":1,"50":1},"branchMap":{"0":{"type":"branch","line":5,"loc":{"start":{"line":5,"column":7},"end":{"line":6,"column":27}},"locations":[{"start":{"line":5,"column":7},"end":{"line":6,"column":27}}]},"1":{"type":"branch","line":8,"loc":{"start":{"line":8,"column":1},"end":{"line":20,"column":2}},"locations":[{"start":{"line":8,"column":1},"end":{"line":20,"column":2}}]},"2":{"type":"branch","line":21,"loc":{"start":{"line":21,"column":1},"end":{"line":24,"column":2}},"locations":[{"start":{"line":21,"column":1},"end":{"line":24,"column":2}}]},"3":{"type":"branch","line":29,"loc":{"start":{"line":29,"column":1},"end":{"line":31,"column":2}},"locations":[{"start":{"line":29,"column":1},"end":{"line":31,"column":2}}]},"4":{"type":"branch","line":32,"loc":{"start":{"line":32,"column":1},"end":{"line":50,"column":2}},"locations":[{"start":{"line":32,"column":1},"end":{"line":50,"column":2}}]},"5":{"type":"branch","line":37,"loc":{"start":{"line":37,"column":15},"end":{"line":37,"column":56}},"locations":[{"start":{"line":37,"column":15},"end":{"line":37,"column":56}}]},"6":{"type":"branch","line":38,"loc":{"start":{"line":38,"column":16},"end":{"line":38,"column":59}},"locations":[{"start":{"line":38,"column":16},"end":{"line":38,"column":59}}]},"7":{"type":"branch","line":33,"loc":{"start":{"line":33,"column":34},"end":{"line":33,"column":58}},"locations":[{"start":{"line":33,"column":34},"end":{"line":33,"column":58}}]}},"b":{"0":[15],"1":[2],"2":[2],"3":[1],"4":[1],"5":[0],"6":[0],"7":[1]},"fnMap":{"0":{"name":"InMemoryUserRepository","decl":{"start":{"line":5,"column":7},"end":{"line":6,"column":27}},"loc":{"start":{"line":5,"column":7},"end":{"line":6,"column":27}},"line":5},"1":{"name":"create","decl":{"start":{"line":8,"column":1},"end":{"line":20,"column":2}},"loc":{"start":{"line":8,"column":1},"end":{"line":20,"column":2}},"line":8},"2":{"name":"findByEmail","decl":{"start":{"line":21,"column":1},"end":{"line":24,"column":2}},"loc":{"start":{"line":21,"column":1},"end":{"line":24,"column":2}},"line":21},"3":{"name":"findById","decl":{"start":{"line":25,"column":1},"end":{"line":28,"column":2}},"loc":{"start":{"line":25,"column":1},"end":{"line":28,"column":2}},"line":25},"4":{"name":"deleteByEmail","decl":{"start":{"line":29,"column":1},"end":{"line":31,"column":2}},"loc":{"start":{"line":29,"column":1},"end":{"line":31,"column":2}},"line":29},"5":{"name":"update","decl":{"start":{"line":32,"column":1},"end":{"line":50,"column":2}},"loc":{"start":{"line":32,"column":1},"end":{"line":50,"column":2}},"line":32}},"f":{"0":15,"1":2,"2":2,"3":0,"4":1,"5":1}}
,"A:\\Projeto SI\\NodeJs\\src\\services\\auth-service.ts": {"path":"A:\\Projeto SI\\NodeJs\\src\\services\\auth-service.ts","all":false,"statementMap":{"0":{"start":{"line":1,"column":0},"end":{"line":1,"column":35}},"1":{"start":{"line":2,"column":0},"end":{"line":2,"column":66}},"2":{"start":{"line":3,"column":0},"end":{"line":3,"column":77}},"3":{"start":{"line":4,"column":0},"end":{"line":4,"column":38}},"4":{"start":{"line":5,"column":0},"end":{"line":5,"column":0}},"5":{"start":{"line":6,"column":0},"end":{"line":6,"column":23}},"6":{"start":{"line":7,"column":0},"end":{"line":7,"column":15}},"7":{"start":{"line":8,"column":0},"end":{"line":8,"column":18}},"8":{"start":{"line":9,"column":0},"end":{"line":9,"column":1}},"9":{"start":{"line":10,"column":0},"end":{"line":10,"column":0}},"10":{"start":{"line":11,"column":0},"end":{"line":11,"column":24}},"11":{"start":{"line":12,"column":0},"end":{"line":12,"column":12}},"12":{"start":{"line":13,"column":0},"end":{"line":13,"column":1}},"13":{"start":{"line":14,"column":0},"end":{"line":14,"column":0}},"14":{"start":{"line":15,"column":0},"end":{"line":15,"column":26}},"15":{"start":{"line":16,"column":0},"end":{"line":16,"column":57}},"16":{"start":{"line":17,"column":0},"end":{"line":17,"column":0}},"17":{"start":{"line":18,"column":0},"end":{"line":18,"column":74}},"18":{"start":{"line":19,"column":0},"end":{"line":19,"column":61}},"19":{"start":{"line":20,"column":0},"end":{"line":20,"column":0}},"20":{"start":{"line":21,"column":0},"end":{"line":21,"column":14}},"21":{"start":{"line":22,"column":0},"end":{"line":22,"column":39}},"22":{"start":{"line":23,"column":0},"end":{"line":23,"column":3}},"23":{"start":{"line":24,"column":0},"end":{"line":24,"column":0}},"24":{"start":{"line":25,"column":0},"end":{"line":25,"column":74}},"25":{"start":{"line":26,"column":0},"end":{"line":26,"column":0}},"26":{"start":{"line":27,"column":0},"end":{"line":27,"column":29}},"27":{"start":{"line":28,"column":0},"end":{"line":28,"column":39}},"28":{"start":{"line":29,"column":0},"end":{"line":29,"column":3}},"29":{"start":{"line":30,"column":0},"end":{"line":30,"column":0}},"30":{"start":{"line":31,"column":0},"end":{"line":31,"column":18}},"31":{"start":{"line":32,"column":0},"end":{"line":32,"column":2}},"32":{"start":{"line":33,"column":0},"end":{"line":33,"column":1}}},"s":{"0":1,"1":1,"2":1,"3":1,"4":1,"5":1,"6":1,"7":1,"8":1,"9":1,"10":1,"11":1,"12":1,"13":1,"14":1,"15":1,"16":1,"17":1,"18":3,"19":3,"20":3,"21":1,"22":1,"23":2,"24":2,"25":2,"26":3,"27":1,"28":1,"29":1,"30":1,"31":3,"32":1},"branchMap":{"0":{"type":"branch","line":16,"loc":{"start":{"line":16,"column":1},"end":{"line":16,"column":57}},"locations":[{"start":{"line":16,"column":1},"end":{"line":16,"column":57}}]},"1":{"type":"branch","line":18,"loc":{"start":{"line":18,"column":1},"end":{"line":32,"column":2}},"locations":[{"start":{"line":18,"column":1},"end":{"line":32,"column":2}}]},"2":{"type":"branch","line":21,"loc":{"start":{"line":21,"column":13},"end":{"line":23,"column":3}},"locations":[{"start":{"line":21,"column":13},"end":{"line":23,"column":3}}]},"3":{"type":"branch","line":23,"loc":{"start":{"line":23,"column":2},"end":{"line":27,"column":28}},"locations":[{"start":{"line":23,"column":2},"end":{"line":27,"column":28}}]},"4":{"type":"branch","line":27,"loc":{"start":{"line":27,"column":28},"end":{"line":31,"column":18}},"locations":[{"start":{"line":27,"column":28},"end":{"line":31,"column":18}}]}},"b":{"0":[3],"1":[3],"2":[1],"3":[2],"4":[1]},"fnMap":{"0":{"name":"AuthService","decl":{"start":{"line":16,"column":1},"end":{"line":16,"column":57}},"loc":{"start":{"line":16,"column":1},"end":{"line":16,"column":57}},"line":16},"1":{"name":"authUser","decl":{"start":{"line":18,"column":1},"end":{"line":32,"column":2}},"loc":{"start":{"line":18,"column":1},"end":{"line":32,"column":2}},"line":18}},"f":{"0":3,"1":3}}
,"A:\\Projeto SI\\NodeJs\\src\\services\\exercise-service.ts": {"path":"A:\\Projeto SI\\NodeJs\\src\\services\\exercise-service.ts","all":false,"statementMap":{"0":{"start":{"line":1,"column":0},"end":{"line":1,"column":73}},"1":{"start":{"line":2,"column":0},"end":{"line":2,"column":42}},"2":{"start":{"line":3,"column":0},"end":{"line":3,"column":0}},"3":{"start":{"line":4,"column":0},"end":{"line":4,"column":33}},"4":{"start":{"line":5,"column":0},"end":{"line":5,"column":13}},"5":{"start":{"line":6,"column":0},"end":{"line":6,"column":14}},"6":{"start":{"line":7,"column":0},"end":{"line":7,"column":23}},"7":{"start":{"line":8,"column":0},"end":{"line":8,"column":17}},"8":{"start":{"line":9,"column":0},"end":{"line":9,"column":25}},"9":{"start":{"line":10,"column":0},"end":{"line":10,"column":14}},"10":{"start":{"line":11,"column":0},"end":{"line":11,"column":14}},"11":{"start":{"line":12,"column":0},"end":{"line":12,"column":18}},"12":{"start":{"line":13,"column":0},"end":{"line":13,"column":1}},"13":{"start":{"line":14,"column":0},"end":{"line":14,"column":0}},"14":{"start":{"line":15,"column":0},"end":{"line":15,"column":30}},"15":{"start":{"line":16,"column":0},"end":{"line":16,"column":64}},"16":{"start":{"line":17,"column":0},"end":{"line":17,"column":0}},"17":{"start":{"line":18,"column":0},"end":{"line":18,"column":74}},"18":{"start":{"line":19,"column":0},"end":{"line":19,"column":65}},"19":{"start":{"line":20,"column":0},"end":{"line":20,"column":18}},"20":{"start":{"line":21,"column":0},"end":{"line":21,"column":2}},"21":{"start":{"line":22,"column":0},"end":{"line":22,"column":0}},"22":{"start":{"line":23,"column":0},"end":{"line":23,"column":47}},"23":{"start":{"line":24,"column":0},"end":{"line":24,"column":59}},"24":{"start":{"line":25,"column":0},"end":{"line":25,"column":19}},"25":{"start":{"line":26,"column":0},"end":{"line":26,"column":2}},"26":{"start":{"line":27,"column":0},"end":{"line":27,"column":0}},"27":{"start":{"line":28,"column":0},"end":{"line":28,"column":51}},"28":{"start":{"line":29,"column":0},"end":{"line":29,"column":57}},"29":{"start":{"line":30,"column":0},"end":{"line":30,"column":18}},"30":{"start":{"line":31,"column":0},"end":{"line":31,"column":2}},"31":{"start":{"line":32,"column":0},"end":{"line":32,"column":0}},"32":{"start":{"line":33,"column":0},"end":{"line":33,"column":54}},"33":{"start":{"line":34,"column":0},"end":{"line":34,"column":60}},"34":{"start":{"line":35,"column":0},"end":{"line":35,"column":18}},"35":{"start":{"line":36,"column":0},"end":{"line":36,"column":2}},"36":{"start":{"line":37,"column":0},"end":{"line":37,"column":0}},"37":{"start":{"line":38,"column":0},"end":{"line":38,"column":22}},"38":{"start":{"line":39,"column":0},"end":{"line":39,"column":13}},"39":{"start":{"line":40,"column":0},"end":{"line":40,"column":32}},"40":{"start":{"line":41,"column":0},"end":{"line":41,"column":23}},"41":{"start":{"line":42,"column":0},"end":{"line":42,"column":69}},"42":{"start":{"line":43,"column":0},"end":{"line":43,"column":18}},"43":{"start":{"line":44,"column":0},"end":{"line":44,"column":2}},"44":{"start":{"line":45,"column":0},"end":{"line":45,"column":1}}},"s":{"0":1,"1":1,"2":1,"3":1,"4":1,"5":1,"6":1,"7":1,"8":1,"9":1,"10":1,"11":1,"12":1,"13":1,"14":1,"15":1,"16":1,"17":1,"18":4,"19":4,"20":4,"21":1,"22":1,"23":1,"24":1,"25":1,"26":1,"27":1,"28":1,"29":1,"30":1,"31":1,"32":1,"33":1,"34":1,"35":1,"36":1,"37":1,"38":0,"39":0,"40":0,"41":0,"42":0,"43":0,"44":1},"branchMap":{"0":{"type":"branch","line":16,"loc":{"start":{"line":16,"column":1},"end":{"line":16,"column":64}},"locations":[{"start":{"line":16,"column":1},"end":{"line":16,"column":64}}]},"1":{"type":"branch","line":18,"loc":{"start":{"line":18,"column":1},"end":{"line":21,"column":2}},"locations":[{"start":{"line":18,"column":1},"end":{"line":21,"column":2}}]},"2":{"type":"branch","line":23,"loc":{"start":{"line":23,"column":1},"end":{"line":26,"column":2}},"locations":[{"start":{"line":23,"column":1},"end":{"line":26,"column":2}}]},"3":{"type":"branch","line":28,"loc":{"start":{"line":28,"column":1},"end":{"line":31,"column":2}},"locations":[{"start":{"line":28,"column":1},"end":{"line":31,"column":2}}]},"4":{"type":"branch","line":33,"loc":{"start":{"line":33,"column":1},"end":{"line":36,"column":2}},"locations":[{"start":{"line":33,"column":1},"end":{"line":36,"column":2}}]}},"b":{"0":[4],"1":[4],"2":[1],"3":[1],"4":[1]},"fnMap":{"0":{"name":"ExerciseService","decl":{"start":{"line":16,"column":1},"end":{"line":16,"column":64}},"loc":{"start":{"line":16,"column":1},"end":{"line":16,"column":64}},"line":16},"1":{"name":"createExercise","decl":{"start":{"line":18,"column":1},"end":{"line":21,"column":2}},"loc":{"start":{"line":18,"column":1},"end":{"line":21,"column":2}},"line":18},"2":{"name":"getAllExercises","decl":{"start":{"line":23,"column":1},"end":{"line":26,"column":2}},"loc":{"start":{"line":23,"column":1},"end":{"line":26,"column":2}},"line":23},"3":{"name":"getExercise","decl":{"start":{"line":28,"column":1},"end":{"line":31,"column":2}},"loc":{"start":{"line":28,"column":1},"end":{"line":31,"column":2}},"line":28},"4":{"name":"deleteExercise","decl":{"start":{"line":33,"column":1},"end":{"line":36,"column":2}},"loc":{"start":{"line":33,"column":1},"end":{"line":36,"column":2}},"line":33},"5":{"name":"updateExercise","decl":{"start":{"line":38,"column":1},"end":{"line":44,"column":2}},"loc":{"start":{"line":38,"column":1},"end":{"line":44,"column":2}},"line":38}},"f":{"0":4,"1":4,"2":1,"3":1,"4":1,"5":0}}
,"A:\\Projeto SI\\NodeJs\\src\\services\\training-service.ts": {"path":"A:\\Projeto SI\\NodeJs\\src\\services\\training-service.ts","all":false,"statementMap":{"0":{"start":{"line":1,"column":0},"end":{"line":1,"column":50}},"1":{"start":{"line":2,"column":0},"end":{"line":2,"column":72}},"2":{"start":{"line":3,"column":0},"end":{"line":3,"column":77}},"3":{"start":{"line":4,"column":0},"end":{"line":4,"column":0}},"4":{"start":{"line":5,"column":0},"end":{"line":5,"column":33}},"5":{"start":{"line":6,"column":0},"end":{"line":6,"column":16}},"6":{"start":{"line":7,"column":0},"end":{"line":7,"column":23}},"7":{"start":{"line":8,"column":0},"end":{"line":8,"column":1}},"8":{"start":{"line":9,"column":0},"end":{"line":9,"column":0}},"9":{"start":{"line":10,"column":0},"end":{"line":10,"column":30}},"10":{"start":{"line":11,"column":0},"end":{"line":11,"column":63}},"11":{"start":{"line":12,"column":0},"end":{"line":12,"column":0}},"12":{"start":{"line":13,"column":0},"end":{"line":13,"column":14}},"13":{"start":{"line":14,"column":0},"end":{"line":14,"column":37}},"14":{"start":{"line":15,"column":0},"end":{"line":15,"column":30}},"15":{"start":{"line":16,"column":0},"end":{"line":16,"column":7}},"16":{"start":{"line":17,"column":0},"end":{"line":17,"column":60}},"17":{"start":{"line":18,"column":0},"end":{"line":18,"column":16}},"18":{"start":{"line":19,"column":0},"end":{"line":19,"column":5}},"19":{"start":{"line":20,"column":0},"end":{"line":20,"column":22}},"20":{"start":{"line":21,"column":0},"end":{"line":21,"column":19}},"21":{"start":{"line":22,"column":0},"end":{"line":22,"column":66}},"22":{"start":{"line":23,"column":0},"end":{"line":23,"column":3}},"23":{"start":{"line":24,"column":0},"end":{"line":24,"column":2}},"24":{"start":{"line":25,"column":0},"end":{"line":25,"column":0}},"25":{"start":{"line":26,"column":0},"end":{"line":26,"column":57}},"26":{"start":{"line":27,"column":0},"end":{"line":27,"column":7}},"27":{"start":{"line":28,"column":0},"end":{"line":28,"column":66}},"28":{"start":{"line":29,"column":0},"end":{"line":29,"column":0}},"29":{"start":{"line":30,"column":0},"end":{"line":30,"column":22}},"30":{"start":{"line":31,"column":0},"end":{"line":31,"column":19}},"31":{"start":{"line":32,"column":0},"end":{"line":32,"column":46}},"32":{"start":{"line":33,"column":0},"end":{"line":33,"column":3}},"33":{"start":{"line":34,"column":0},"end":{"line":34,"column":2}},"34":{"start":{"line":35,"column":0},"end":{"line":35,"column":0}},"35":{"start":{"line":36,"column":0},"end":{"line":36,"column":45}},"36":{"start":{"line":37,"column":0},"end":{"line":37,"column":7}},"37":{"start":{"line":38,"column":0},"end":{"line":38,"column":62}},"38":{"start":{"line":39,"column":0},"end":{"line":39,"column":22}},"39":{"start":{"line":40,"column":0},"end":{"line":40,"column":19}},"40":{"start":{"line":41,"column":0},"end":{"line":41,"column":50}},"41":{"start":{"line":42,"column":0},"end":{"line":42,"column":3}},"42":{"start":{"line":43,"column":0},"end":{"line":43,"column":2}},"43":{"start":{"line":44,"column":0},"end":{"line":44,"column":0}},"44":{"start":{"line":45,"column":0},"end":{"line":45,"column":42}},"45":{"start":{"line":46,"column":0},"end":{"line":46,"column":7}},"46":{"start":{"line":47,"column":0},"end":{"line":47,"column":48}},"47":{"start":{"line":48,"column":0},"end":{"line":48,"column":19}},"48":{"start":{"line":49,"column":0},"end":{"line":49,"column":52}},"49":{"start":{"line":50,"column":0},"end":{"line":50,"column":3}},"50":{"start":{"line":51,"column":0},"end":{"line":51,"column":2}},"51":{"start":{"line":52,"column":0},"end":{"line":52,"column":0}},"52":{"start":{"line":53,"column":0},"end":{"line":53,"column":14}},"53":{"start":{"line":54,"column":0},"end":{"line":54,"column":13}},"54":{"start":{"line":55,"column":0},"end":{"line":55,"column":34}},"55":{"start":{"line":56,"column":0},"end":{"line":56,"column":30}},"56":{"start":{"line":57,"column":0},"end":{"line":57,"column":7}},"57":{"start":{"line":58,"column":0},"end":{"line":58,"column":67}},"58":{"start":{"line":59,"column":0},"end":{"line":59,"column":19}},"59":{"start":{"line":60,"column":0},"end":{"line":60,"column":19}},"60":{"start":{"line":61,"column":0},"end":{"line":61,"column":24}},"61":{"start":{"line":62,"column":0},"end":{"line":62,"column":66}},"62":{"start":{"line":63,"column":0},"end":{"line":63,"column":3}},"63":{"start":{"line":64,"column":0},"end":{"line":64,"column":2}},"64":{"start":{"line":65,"column":0},"end":{"line":65,"column":0}},"65":{"start":{"line":66,"column":0},"end":{"line":66,"column":34}},"66":{"start":{"line":67,"column":0},"end":{"line":67,"column":21}},"67":{"start":{"line":68,"column":0},"end":{"line":68,"column":20}},"68":{"start":{"line":69,"column":0},"end":{"line":69,"column":19}},"69":{"start":{"line":70,"column":0},"end":{"line":70,"column":7}},"70":{"start":{"line":71,"column":0},"end":{"line":71,"column":60}},"71":{"start":{"line":72,"column":0},"end":{"line":72,"column":15}},"72":{"start":{"line":73,"column":0},"end":{"line":73,"column":14}},"73":{"start":{"line":74,"column":0},"end":{"line":74,"column":5}},"74":{"start":{"line":75,"column":0},"end":{"line":75,"column":19}},"75":{"start":{"line":76,"column":0},"end":{"line":76,"column":24}},"76":{"start":{"line":77,"column":0},"end":{"line":77,"column":52}},"77":{"start":{"line":78,"column":0},"end":{"line":78,"column":3}},"78":{"start":{"line":79,"column":0},"end":{"line":79,"column":2}},"79":{"start":{"line":80,"column":0},"end":{"line":80,"column":1}}},"s":{"0":1,"1":1,"2":1,"3":1,"4":1,"5":1,"6":1,"7":1,"8":1,"9":1,"10":1,"11":1,"12":1,"13":5,"14":5,"15":5,"16":5,"17":5,"18":5,"19":4,"20":5,"21":1,"22":1,"23":5,"24":1,"25":1,"26":3,"27":3,"28":2,"29":2,"30":3,"31":1,"32":1,"33":3,"34":1,"35":1,"36":3,"37":3,"38":2,"39":3,"40":1,"41":1,"42":3,"43":1,"44":1,"45":0,"46":0,"47":0,"48":0,"49":0,"50":0,"51":1,"52":1,"53":0,"54":0,"55":0,"56":0,"57":0,"58":0,"59":0,"60":0,"61":0,"62":0,"63":0,"64":1,"65":1,"66":0,"67":0,"68":0,"69":0,"70":0,"71":0,"72":0,"73":0,"74":0,"75":0,"76":0,"77":0,"78":0,"79":1},"branchMap":{"0":{"type":"branch","line":11,"loc":{"start":{"line":11,"column":1},"end":{"line":11,"column":63}},"locations":[{"start":{"line":11,"column":1},"end":{"line":11,"column":63}}]},"1":{"type":"branch","line":13,"loc":{"start":{"line":13,"column":1},"end":{"line":24,"column":2}},"locations":[{"start":{"line":13,"column":1},"end":{"line":24,"column":2}}]},"2":{"type":"branch","line":19,"loc":{"start":{"line":19,"column":3},"end":{"line":21,"column":11}},"locations":[{"start":{"line":19,"column":3},"end":{"line":21,"column":11}}]},"3":{"type":"branch","line":21,"loc":{"start":{"line":21,"column":2},"end":{"line":23,"column":3}},"locations":[{"start":{"line":21,"column":2},"end":{"line":23,"column":3}}]},"4":{"type":"branch","line":26,"loc":{"start":{"line":26,"column":1},"end":{"line":34,"column":2}},"locations":[{"start":{"line":26,"column":1},"end":{"line":34,"column":2}}]},"5":{"type":"branch","line":28,"loc":{"start":{"line":28,"column":64},"end":{"line":31,"column":11}},"locations":[{"start":{"line":28,"column":64},"end":{"line":31,"column":11}}]},"6":{"type":"branch","line":31,"loc":{"start":{"line":31,"column":2},"end":{"line":33,"column":3}},"locations":[{"start":{"line":31,"column":2},"end":{"line":33,"column":3}}]},"7":{"type":"branch","line":36,"loc":{"start":{"line":36,"column":1},"end":{"line":43,"column":2}},"locations":[{"start":{"line":36,"column":1},"end":{"line":43,"column":2}}]},"8":{"type":"branch","line":38,"loc":{"start":{"line":38,"column":60},"end":{"line":40,"column":11}},"locations":[{"start":{"line":38,"column":60},"end":{"line":40,"column":11}}]},"9":{"type":"branch","line":40,"loc":{"start":{"line":40,"column":2},"end":{"line":42,"column":3}},"locations":[{"start":{"line":40,"column":2},"end":{"line":42,"column":3}}]}},"b":{"0":[8],"1":[5],"2":[4],"3":[1],"4":[3],"5":[2],"6":[1],"7":[3],"8":[2],"9":[1]},"fnMap":{"0":{"name":"TrainingService","decl":{"start":{"line":11,"column":1},"end":{"line":11,"column":63}},"loc":{"start":{"line":11,"column":1},"end":{"line":11,"column":63}},"line":11},"1":{"name":"create","decl":{"start":{"line":13,"column":1},"end":{"line":24,"column":2}},"loc":{"start":{"line":13,"column":1},"end":{"line":24,"column":2}},"line":13},"2":{"name":"getTraning","decl":{"start":{"line":26,"column":1},"end":{"line":34,"column":2}},"loc":{"start":{"line":26,"column":1},"end":{"line":34,"column":2}},"line":26},"3":{"name":"getAll","decl":{"start":{"line":36,"column":1},"end":{"line":43,"column":2}},"loc":{"start":{"line":36,"column":1},"end":{"line":43,"column":2}},"line":36},"4":{"name":"delete","decl":{"start":{"line":45,"column":1},"end":{"line":51,"column":2}},"loc":{"start":{"line":45,"column":1},"end":{"line":51,"column":2}},"line":45},"5":{"name":"update","decl":{"start":{"line":53,"column":1},"end":{"line":64,"column":2}},"loc":{"start":{"line":53,"column":1},"end":{"line":64,"column":2}},"line":53},"6":{"name":"removeExerciseFromTraining","decl":{"start":{"line":66,"column":1},"end":{"line":79,"column":2}},"loc":{"start":{"line":66,"column":1},"end":{"line":79,"column":2}},"line":66}},"f":{"0":8,"1":5,"2":3,"3":3,"4":0,"5":0,"6":0}}
,"A:\\Projeto SI\\NodeJs\\src\\services\\user-service.ts": {"path":"A:\\Projeto SI\\NodeJs\\src\\services\\user-service.ts","all":false,"statementMap":{"0":{"start":{"line":1,"column":0},"end":{"line":1,"column":32}},"1":{"start":{"line":2,"column":0},"end":{"line":2,"column":46}},"2":{"start":{"line":3,"column":0},"end":{"line":3,"column":66}},"3":{"start":{"line":4,"column":0},"end":{"line":4,"column":72}},"4":{"start":{"line":5,"column":0},"end":{"line":5,"column":74}},"5":{"start":{"line":6,"column":0},"end":{"line":6,"column":77}},"6":{"start":{"line":7,"column":0},"end":{"line":7,"column":0}},"7":{"start":{"line":8,"column":0},"end":{"line":8,"column":29}},"8":{"start":{"line":9,"column":0},"end":{"line":9,"column":14}},"9":{"start":{"line":10,"column":0},"end":{"line":10,"column":15}},"10":{"start":{"line":11,"column":0},"end":{"line":11,"column":18}},"11":{"start":{"line":12,"column":0},"end":{"line":12,"column":15}},"12":{"start":{"line":13,"column":0},"end":{"line":13,"column":16}},"13":{"start":{"line":14,"column":0},"end":{"line":14,"column":1}},"14":{"start":{"line":15,"column":0},"end":{"line":15,"column":0}},"15":{"start":{"line":16,"column":0},"end":{"line":16,"column":31}},"16":{"start":{"line":17,"column":0},"end":{"line":17,"column":12}},"17":{"start":{"line":18,"column":0},"end":{"line":18,"column":1}},"18":{"start":{"line":19,"column":0},"end":{"line":19,"column":0}},"19":{"start":{"line":20,"column":0},"end":{"line":20,"column":26}},"20":{"start":{"line":21,"column":0},"end":{"line":21,"column":54}},"21":{"start":{"line":22,"column":0},"end":{"line":22,"column":53}},"22":{"start":{"line":23,"column":0},"end":{"line":23,"column":0}},"23":{"start":{"line":24,"column":0},"end":{"line":24,"column":19}},"24":{"start":{"line":25,"column":0},"end":{"line":25,"column":7}},"25":{"start":{"line":26,"column":0},"end":{"line":26,"column":8}},"26":{"start":{"line":27,"column":0},"end":{"line":27,"column":11}},"27":{"start":{"line":28,"column":0},"end":{"line":28,"column":8}},"28":{"start":{"line":29,"column":0},"end":{"line":29,"column":11}},"29":{"start":{"line":30,"column":0},"end":{"line":30,"column":56}},"30":{"start":{"line":31,"column":0},"end":{"line":31,"column":74}},"31":{"start":{"line":32,"column":0},"end":{"line":32,"column":0}},"32":{"start":{"line":33,"column":0},"end":{"line":33,"column":26}},"33":{"start":{"line":34,"column":0},"end":{"line":34,"column":37}},"34":{"start":{"line":35,"column":0},"end":{"line":35,"column":3}},"35":{"start":{"line":36,"column":0},"end":{"line":36,"column":0}},"36":{"start":{"line":37,"column":0},"end":{"line":37,"column":48}},"37":{"start":{"line":38,"column":0},"end":{"line":38,"column":0}},"38":{"start":{"line":39,"column":0},"end":{"line":39,"column":50}},"39":{"start":{"line":40,"column":0},"end":{"line":40,"column":8}},"40":{"start":{"line":41,"column":0},"end":{"line":41,"column":9}},"41":{"start":{"line":42,"column":0},"end":{"line":42,"column":17}},"42":{"start":{"line":43,"column":0},"end":{"line":43,"column":9}},"43":{"start":{"line":44,"column":0},"end":{"line":44,"column":12}},"44":{"start":{"line":45,"column":0},"end":{"line":45,"column":5}},"45":{"start":{"line":46,"column":0},"end":{"line":46,"column":0}},"46":{"start":{"line":47,"column":0},"end":{"line":47,"column":10}},"47":{"start":{"line":48,"column":0},"end":{"line":48,"column":8}},"48":{"start":{"line":49,"column":0},"end":{"line":49,"column":3}},"49":{"start":{"line":50,"column":0},"end":{"line":50,"column":2}},"50":{"start":{"line":51,"column":0},"end":{"line":51,"column":0}},"51":{"start":{"line":52,"column":0},"end":{"line":52,"column":79}},"52":{"start":{"line":53,"column":0},"end":{"line":53,"column":7}},"53":{"start":{"line":54,"column":0},"end":{"line":54,"column":60}},"54":{"start":{"line":55,"column":0},"end":{"line":55,"column":15}},"55":{"start":{"line":56,"column":0},"end":{"line":56,"column":19}},"56":{"start":{"line":57,"column":0},"end":{"line":57,"column":24}},"57":{"start":{"line":58,"column":0},"end":{"line":58,"column":15}},"58":{"start":{"line":59,"column":0},"end":{"line":59,"column":3}},"59":{"start":{"line":60,"column":0},"end":{"line":60,"column":0}},"60":{"start":{"line":61,"column":0},"end":{"line":61,"column":2}},"61":{"start":{"line":62,"column":0},"end":{"line":62,"column":0}},"62":{"start":{"line":63,"column":0},"end":{"line":63,"column":38}},"63":{"start":{"line":64,"column":0},"end":{"line":64,"column":61}},"64":{"start":{"line":65,"column":0},"end":{"line":65,"column":0}},"65":{"start":{"line":66,"column":0},"end":{"line":66,"column":14}},"66":{"start":{"line":67,"column":0},"end":{"line":67,"column":39}},"67":{"start":{"line":68,"column":0},"end":{"line":68,"column":3}},"68":{"start":{"line":69,"column":0},"end":{"line":69,"column":0}},"69":{"start":{"line":70,"column":0},"end":{"line":70,"column":14}},"70":{"start":{"line":71,"column":0},"end":{"line":71,"column":2}},"71":{"start":{"line":72,"column":0},"end":{"line":72,"column":0}},"72":{"start":{"line":73,"column":0},"end":{"line":73,"column":32}},"73":{"start":{"line":74,"column":0},"end":{"line":74,"column":55}},"74":{"start":{"line":75,"column":0},"end":{"line":75,"column":0}},"75":{"start":{"line":76,"column":0},"end":{"line":76,"column":14}},"76":{"start":{"line":77,"column":0},"end":{"line":77,"column":39}},"77":{"start":{"line":78,"column":0},"end":{"line":78,"column":3}},"78":{"start":{"line":79,"column":0},"end":{"line":79,"column":0}},"79":{"start":{"line":80,"column":0},"end":{"line":80,"column":14}},"80":{"start":{"line":81,"column":0},"end":{"line":81,"column":2}},"81":{"start":{"line":82,"column":0},"end":{"line":82,"column":0}},"82":{"start":{"line":83,"column":0},"end":{"line":83,"column":37}},"83":{"start":{"line":84,"column":0},"end":{"line":84,"column":7}},"84":{"start":{"line":85,"column":0},"end":{"line":85,"column":0}},"85":{"start":{"line":86,"column":0},"end":{"line":86,"column":49}},"86":{"start":{"line":87,"column":0},"end":{"line":87,"column":26}},"87":{"start":{"line":88,"column":0},"end":{"line":88,"column":0}},"88":{"start":{"line":89,"column":0},"end":{"line":89,"column":23}},"89":{"start":{"line":90,"column":0},"end":{"line":90,"column":0}},"90":{"start":{"line":91,"column":0},"end":{"line":91,"column":56}},"91":{"start":{"line":92,"column":0},"end":{"line":92,"column":51}},"92":{"start":{"line":93,"column":0},"end":{"line":93,"column":0}},"93":{"start":{"line":94,"column":0},"end":{"line":94,"column":64}},"94":{"start":{"line":95,"column":0},"end":{"line":95,"column":19}},"95":{"start":{"line":96,"column":0},"end":{"line":96,"column":74}},"96":{"start":{"line":97,"column":0},"end":{"line":97,"column":3}},"97":{"start":{"line":98,"column":0},"end":{"line":98,"column":2}},"98":{"start":{"line":99,"column":0},"end":{"line":99,"column":0}},"99":{"start":{"line":100,"column":0},"end":{"line":100,"column":1}}},"s":{"0":1,"1":1,"2":1,"3":1,"4":1,"5":1,"6":1,"7":1,"8":1,"9":1,"10":1,"11":1,"12":1,"13":1,"14":1,"15":1,"16":1,"17":1,"18":1,"19":1,"20":1,"21":12,"22":1,"23":1,"24":3,"25":3,"26":3,"27":3,"28":3,"29":3,"30":3,"31":3,"32":3,"33":1,"34":1,"35":2,"36":2,"37":2,"38":2,"39":2,"40":2,"41":2,"42":2,"43":2,"44":2,"45":2,"46":2,"47":2,"48":2,"49":3,"50":1,"51":1,"52":2,"53":2,"54":1,"55":1,"56":1,"57":1,"58":1,"59":2,"60":2,"61":1,"62":1,"63":2,"64":2,"65":2,"66":1,"67":1,"68":1,"69":1,"70":2,"71":1,"72":1,"73":2,"74":2,"75":2,"76":1,"77":1,"78":1,"79":1,"80":2,"81":1,"82":1,"83":4,"84":4,"85":4,"86":3,"87":3,"88":3,"89":3,"90":3,"91":2,"92":1,"93":1,"94":4,"95":3,"96":3,"97":4,"98":1,"99":1},"branchMap":{"0":{"type":"branch","line":21,"loc":{"start":{"line":21,"column":1},"end":{"line":22,"column":53}},"locations":[{"start":{"line":21,"column":1},"end":{"line":22,"column":53}}]},"1":{"type":"branch","line":24,"loc":{"start":{"line":24,"column":1},"end":{"line":50,"column":2}},"locations":[{"start":{"line":24,"column":1},"end":{"line":50,"column":2}}]},"2":{"type":"branch","line":33,"loc":{"start":{"line":33,"column":25},"end":{"line":35,"column":3}},"locations":[{"start":{"line":33,"column":25},"end":{"line":35,"column":3}}]},"3":{"type":"branch","line":35,"loc":{"start":{"line":35,"column":2},"end":{"line":49,"column":3}},"locations":[{"start":{"line":35,"column":2},"end":{"line":49,"column":3}}]},"4":{"type":"branch","line":52,"loc":{"start":{"line":52,"column":1},"end":{"line":61,"column":2}},"locations":[{"start":{"line":52,"column":1},"end":{"line":61,"column":2}}]},"5":{"type":"branch","line":54,"loc":{"start":{"line":54,"column":58},"end":{"line":59,"column":3}},"locations":[{"start":{"line":54,"column":58},"end":{"line":59,"column":3}}]},"6":{"type":"branch","line":63,"loc":{"start":{"line":63,"column":1},"end":{"line":71,"column":2}},"locations":[{"start":{"line":63,"column":1},"end":{"line":71,"column":2}}]},"7":{"type":"branch","line":66,"loc":{"start":{"line":66,"column":13},"end":{"line":70,"column":14}},"locations":[{"start":{"line":66,"column":13},"end":{"line":70,"column":14}}]},"8":{"type":"branch","line":73,"loc":{"start":{"line":73,"column":1},"end":{"line":81,"column":2}},"locations":[{"start":{"line":73,"column":1},"end":{"line":81,"column":2}}]},"9":{"type":"branch","line":76,"loc":{"start":{"line":76,"column":13},"end":{"line":80,"column":14}},"locations":[{"start":{"line":76,"column":13},"end":{"line":80,"column":14}}]},"10":{"type":"branch","line":83,"loc":{"start":{"line":83,"column":1},"end":{"line":98,"column":2}},"locations":[{"start":{"line":83,"column":1},"end":{"line":98,"column":2}}]},"11":{"type":"branch","line":86,"loc":{"start":{"line":86,"column":47},"end":{"line":91,"column":56}},"locations":[{"start":{"line":86,"column":47},"end":{"line":91,"column":56}}]},"12":{"type":"branch","line":91,"loc":{"start":{"line":91,"column":54},"end":{"line":92,"column":51}},"locations":[{"start":{"line":91,"column":54},"end":{"line":92,"column":51}}]},"13":{"type":"branch","line":92,"loc":{"start":{"line":92,"column":49},"end":{"line":95,"column":11}},"locations":[{"start":{"line":92,"column":49},"end":{"line":95,"column":11}}]},"14":{"type":"branch","line":95,"loc":{"start":{"line":95,"column":2},"end":{"line":97,"column":3}},"locations":[{"start":{"line":95,"column":2},"end":{"line":97,"column":3}}]}},"b":{"0":[12],"1":[3],"2":[1],"3":[2],"4":[2],"5":[1],"6":[2],"7":[1],"8":[2],"9":[1],"10":[4],"11":[3],"12":[2],"13":[1],"14":[3]},"fnMap":{"0":{"name":"UserService","decl":{"start":{"line":21,"column":1},"end":{"line":22,"column":53}},"loc":{"start":{"line":21,"column":1},"end":{"line":22,"column":53}},"line":21},"1":{"name":"createUser","decl":{"start":{"line":24,"column":1},"end":{"line":50,"column":2}},"loc":{"start":{"line":24,"column":1},"end":{"line":50,"column":2}},"line":24},"2":{"name":"update","decl":{"start":{"line":52,"column":1},"end":{"line":61,"column":2}},"loc":{"start":{"line":52,"column":1},"end":{"line":61,"column":2}},"line":52},"3":{"name":"getUserByEmail","decl":{"start":{"line":63,"column":1},"end":{"line":71,"column":2}},"loc":{"start":{"line":63,"column":1},"end":{"line":71,"column":2}},"line":63},"4":{"name":"getUserById","decl":{"start":{"line":73,"column":1},"end":{"line":81,"column":2}},"loc":{"start":{"line":73,"column":1},"end":{"line":81,"column":2}},"line":73},"5":{"name":"deleteByEmail","decl":{"start":{"line":83,"column":1},"end":{"line":98,"column":2}},"loc":{"start":{"line":83,"column":1},"end":{"line":98,"column":2}},"line":83}},"f":{"0":12,"1":3,"2":2,"3":2,"4":2,"5":4}}
,"A:\\Projeto SI\\NodeJs\\src\\services\\errors\\invalid-credentials-error.ts": {"path":"A:\\Projeto SI\\NodeJs\\src\\services\\errors\\invalid-credentials-error.ts","all":false,"statementMap":{"0":{"start":{"line":1,"column":0},"end":{"line":1,"column":52}},"1":{"start":{"line":2,"column":0},"end":{"line":2,"column":16}},"2":{"start":{"line":3,"column":0},"end":{"line":3,"column":32}},"3":{"start":{"line":4,"column":0},"end":{"line":4,"column":2}},"4":{"start":{"line":5,"column":0},"end":{"line":5,"column":1}}},"s":{"0":1,"1":1,"2":4,"3":4,"4":1},"branchMap":{"0":{"type":"branch","line":2,"loc":{"start":{"line":2,"column":1},"end":{"line":4,"column":2}},"locations":[{"start":{"line":2,"column":1},"end":{"line":4,"column":2}}]}},"b":{"0":[4]},"fnMap":{"0":{"name":"InvalidCredentialsError","decl":{"start":{"line":2,"column":1},"end":{"line":4,"column":2}},"loc":{"start":{"line":2,"column":1},"end":{"line":4,"column":2}},"line":2}},"f":{"0":4}}
,"A:\\Projeto SI\\NodeJs\\src\\services\\errors\\user-already-exist-error.ts": {"path":"A:\\Projeto SI\\NodeJs\\src\\services\\errors\\user-already-exist-error.ts","all":false,"statementMap":{"0":{"start":{"line":1,"column":0},"end":{"line":1,"column":50}},"1":{"start":{"line":2,"column":0},"end":{"line":2,"column":16}},"2":{"start":{"line":3,"column":0},"end":{"line":3,"column":31}},"3":{"start":{"line":4,"column":0},"end":{"line":4,"column":2}},"4":{"start":{"line":5,"column":0},"end":{"line":5,"column":1}}},"s":{"0":1,"1":1,"2":1,"3":1,"4":1},"branchMap":{"0":{"type":"branch","line":2,"loc":{"start":{"line":2,"column":1},"end":{"line":4,"column":2}},"locations":[{"start":{"line":2,"column":1},"end":{"line":4,"column":2}}]}},"b":{"0":[1]},"fnMap":{"0":{"name":"UserAlreadyExistError","decl":{"start":{"line":2,"column":1},"end":{"line":4,"column":2}},"loc":{"start":{"line":2,"column":1},"end":{"line":4,"column":2}},"line":2}},"f":{"0":1}}
}
